[debug] [2023-05-27T11:46:58.953Z] ----------------------------------------------------------------------
[debug] [2023-05-27T11:46:58.955Z] Command:       C:\Program Files\nodejs\node.exe C:\Users\jesmi\AppData\Roaming\npm\node_modules\firebase-tools\lib\bin\firebase.js init
[debug] [2023-05-27T11:46:58.955Z] CLI Version:   12.2.1
[debug] [2023-05-27T11:46:58.955Z] Platform:      win32
[debug] [2023-05-27T11:46:58.956Z] Node Version:  v18.15.0
[debug] [2023-05-27T11:46:58.957Z] Time:          Sat May 27 2023 17:16:58 GMT+0530 (India Standard Time)
[debug] [2023-05-27T11:46:58.957Z] ----------------------------------------------------------------------
[debug] 
[debug] [2023-05-27T11:46:58.964Z] > command requires scopes: ["email","openid","https://www.googleapis.com/auth/cloudplatformprojects.readonly","https://www.googleapis.com/auth/firebase","https://www.googleapis.com/auth/cloud-platform"]
[debug] [2023-05-27T11:46:58.965Z] > authorizing via signed-in user (jesmijose282@gmail.com)
[info] 
     ######## #### ########  ######## ########     ###     ######  ########
     ##        ##  ##     ## ##       ##     ##  ##   ##  ##       ##
     ######    ##  ########  ######   ########  #########  ######  ######
     ##        ##  ##    ##  ##       ##     ## ##     ##       ## ##
     ##       #### ##     ## ######## ########  ##     ##  ######  ########

You're about to initialize a Firebase project in this directory:

  C:\Desktop\Hackathon\Mediconnect

Before we get started, keep in mind:

  * You are currently outside your home directory

[info] 
=== Project Setup
[info] 
[info] First, let's associate this project directory with a Firebase project.
[info] You can create multiple project aliases by running firebase use --add, 
[info] but for now we'll just set up a default project.
[info] 
[debug] [2023-05-27T11:47:15.761Z] > refreshing access token with scopes: []
[debug] [2023-05-27T11:47:15.763Z] >>> [apiv2][query] POST https://www.googleapis.com/oauth2/v3/token [none]
[debug] [2023-05-27T11:47:15.763Z] >>> [apiv2][body] POST https://www.googleapis.com/oauth2/v3/token [omitted]
[debug] [2023-05-27T11:47:16.494Z] <<< [apiv2][status] POST https://www.googleapis.com/oauth2/v3/token 200
[debug] [2023-05-27T11:47:16.494Z] <<< [apiv2][body] POST https://www.googleapis.com/oauth2/v3/token [omitted]
[debug] [2023-05-27T11:47:16.504Z] >>> [apiv2][query] GET https://firebase.googleapis.com/v1beta1/projects pageSize=100
[debug] [2023-05-27T11:47:17.817Z] <<< [apiv2][status] GET https://firebase.googleapis.com/v1beta1/projects 200
[debug] [2023-05-27T11:47:17.817Z] <<< [apiv2][body] GET https://firebase.googleapis.com/v1beta1/projects [omitted]
[info] i  Using project mediconnect-2a58a (Mediconnect) 
[info] 
=== Hosting Setup
[info] 
[info] Your public directory is the folder (relative to your project directory) that
[info] will contain Hosting assets to be uploaded with firebase deploy. If you
[info] have a build process for your assets, use your build's output directory.
[info] 
[info] +  Wrote y/404.html 
[debug] [2023-05-27T11:47:41.382Z] >>> [apiv2][query] GET https://www.gstatic.com/firebasejs/releases.json [none]
[debug] [2023-05-27T11:47:42.027Z] <<< [apiv2][status] GET https://www.gstatic.com/firebasejs/releases.json 200
[debug] [2023-05-27T11:47:42.028Z] <<< [apiv2][body] GET https://www.gstatic.com/firebasejs/releases.json {"current":{"version":"9.22.1","browserURL":"https://www.gstatic.com/firebasejs/9.22.1/firebase.js","packageURL":"https://www.gstatic.com/firebasejs/9.22.1/firebase.tgz"},"live":{"version":"9.22","browserURL":"https://www.gstatic.com/firebasejs/live/9.22/firebase.js","packageURL":"https://www.gstatic.com/firebasejs/live/9.22/firebase.tgz"},"components":{"analytics":"https://www.gstatic.com/firebasejs/9.22.1/firebase-analytics.js","app":"https://www.gstatic.com/firebasejs/9.22.1/firebase-app.js","app-check":"https://www.gstatic.com/firebasejs/9.22.1/firebase-app-check.js","auth":"https://www.gstatic.com/firebasejs/9.22.1/firebase-auth.js","auth/cordova":"https://www.gstatic.com/firebasejs/9.22.1/firebase-auth/cordova.js","auth/react-native":"https://www.gstatic.com/firebasejs/9.22.1/firebase-auth/react-native.js","functions":"https://www.gstatic.com/firebasejs/9.22.1/firebase-functions.js","firestore":"https://www.gstatic.com/firebasejs/9.22.1/firebase-firestore.js","firestore/lite":"https://www.gstatic.com/firebasejs/9.22.1/firebase-firestore/lite.js","installations":"https://www.gstatic.com/firebasejs/9.22.1/firebase-installations.js","storage":"https://www.gstatic.com/firebasejs/9.22.1/firebase-storage.js","performance":"https://www.gstatic.com/firebasejs/9.22.1/firebase-performance.js","remote-config":"https://www.gstatic.com/firebasejs/9.22.1/firebase-remote-config.js","messaging":"https://www.gstatic.com/firebasejs/9.22.1/firebase-messaging.js","messaging/sw":"https://www.gstatic.com/firebasejs/9.22.1/firebase-messaging/sw.js","database":"https://www.gstatic.com/firebasejs/9.22.1/firebase-database.js","firestore.memory":"https://www.gstatic.com/firebasejs/9.22.1/firebase-firestore.memory.js"}}
[info] +  Wrote y/index.html 
[info] 
[info] i  Detected a .git folder at C:\Desktop\Hackathon\Mediconnect 
[info] i  Authorizing with GitHub to upload your service account to a GitHub repository's secrets store. 
[info] 
[info] Visit this URL on this device to log in:
[info] https://github.com/login/oauth/authorize?client_id=89cf50f02ac6aaed3484&state=422629836&redirect_uri=http%3A%2F%2Flocalhost%3A9005&scope=read%3Auser%20repo%20public_repo
[info] 
[info] Waiting for authentication...
[debug] [2023-05-27T11:48:01.010Z] >>> [apiv2][query] POST https://github.com/login/oauth/access_token [none]
[debug] [2023-05-27T11:48:01.011Z] >>> [apiv2][body] POST https://github.com/login/oauth/access_token [stream]
[debug] [2023-05-27T11:48:01.963Z] <<< [apiv2][status] POST https://github.com/login/oauth/access_token 200
[debug] [2023-05-27T11:48:01.963Z] <<< [apiv2][body] POST https://github.com/login/oauth/access_token {"access_token":"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","token_type":"bearer","scope":"read:user,repo"}
[debug] [2023-05-27T11:48:01.970Z] >>> [apiv2][query] GET https://api.github.com/user [none]
[debug] [2023-05-27T11:48:02.643Z] <<< [apiv2][status] GET https://api.github.com/user 200
[debug] [2023-05-27T11:48:02.644Z] <<< [apiv2][body] GET https://api.github.com/user {"login":"Jess-be-you","id":98044607,"node_id":"U_kgDOBdgKvw","avatar_url":"https://avatars.githubusercontent.com/u/98044607?v=4","gravatar_id":"","url":"https://api.github.com/users/Jess-be-you","html_url":"https://github.com/Jess-be-you","followers_url":"https://api.github.com/users/Jess-be-you/followers","following_url":"https://api.github.com/users/Jess-be-you/following{/other_user}","gists_url":"https://api.github.com/users/Jess-be-you/gists{/gist_id}","starred_url":"https://api.github.com/users/Jess-be-you/starred{/owner}{/repo}","subscriptions_url":"https://api.github.com/users/Jess-be-you/subscriptions","organizations_url":"https://api.github.com/users/Jess-be-you/orgs","repos_url":"https://api.github.com/users/Jess-be-you/repos","events_url":"https://api.github.com/users/Jess-be-you/events{/privacy}","received_events_url":"https://api.github.com/users/Jess-be-you/received_events","type":"User","site_admin":false,"name":"JESMI PJ","company":null,"blog":"","location":null,"email":"jesmipj001@gmail.com","hireable":null,"bio":"Student Of College Of Engineering, Trivandrum","twitter_username":null,"public_repos":16,"public_gists":0,"followers":12,"following":16,"created_at":"2022-01-19T16:43:04Z","updated_at":"2023-05-22T13:47:22Z","private_gists":0,"total_private_repos":1,"owned_private_repos":1,"disk_usage":971,"collaborators":0,"two_factor_authentication":false,"plan":{"name":"pro","space":976562499,"collaborators":0,"private_repos":9999}}
[info] 
[info] +  Success! Logged into GitHub as Jess-be-you 
[info] 
